Build started 28.07.2019 22:20:07.
     1>Project "S:\ders\DERS\4.Sınıf 1.Dönem\proje OpenGL-Altan hoca\PONG OYUNU-2D\KonKon\KonKon.vcxproj" on node 2 (Build target(s)).
     1>ClCompile:
         C:\Program Files (x86)\Microsoft Visual Studio 12.0\VC\bin\CL.exe /c /ZI /nologo /W3 /WX- /sdl /Od /Oy- /D "WIN32" /D _DEBUG /D _CONSOLE /D "_UNICODE" /D "UNICODE" /Gm /EHsc /RTC1 /MDd /GS /fp:precise /Zc:wchar_t /Zc:forScope /Yu"stdafx.h" /Fp"Debug\KonKon.pch" /Fo"Debug\\" /Fd"Debug\vc120.pdb" /Gd /TP /analyze- /errorReport:prompt TheProjectOfPingPong2D.cpp
         TheProjectOfPingPong2D.cpp
     1>s:\ders\ders\4.sınıf 1.dönem\proje opengl-altan hoca\pong oyunu-2d\konkon\theprojectofpingpong2d.cpp(40): warning C4244: 'initializing' : conversion from 'int' to 'float', possible loss of data
     1>s:\ders\ders\4.sınıf 1.dönem\proje opengl-altan hoca\pong oyunu-2d\konkon\theprojectofpingpong2d.cpp(44): warning C4244: 'initializing' : conversion from 'int' to 'float', possible loss of data
     1>s:\ders\ders\4.sınıf 1.dönem\proje opengl-altan hoca\pong oyunu-2d\konkon\theprojectofpingpong2d.cpp(45): warning C4244: 'initializing' : conversion from 'int' to 'float', possible loss of data
     1>s:\ders\ders\4.sınıf 1.dönem\proje opengl-altan hoca\pong oyunu-2d\konkon\theprojectofpingpong2d.cpp(90): warning C4244: 'argument' : conversion from 'int' to 'float', possible loss of data
     1>s:\ders\ders\4.sınıf 1.dönem\proje opengl-altan hoca\pong oyunu-2d\konkon\theprojectofpingpong2d.cpp(91): warning C4244: 'argument' : conversion from 'int' to 'float', possible loss of data
     1>s:\ders\ders\4.sınıf 1.dönem\proje opengl-altan hoca\pong oyunu-2d\konkon\theprojectofpingpong2d.cpp(94): warning C4244: 'argument' : conversion from 'int' to 'float', possible loss of data
     1>s:\ders\ders\4.sınıf 1.dönem\proje opengl-altan hoca\pong oyunu-2d\konkon\theprojectofpingpong2d.cpp(98): warning C4244: 'argument' : conversion from 'int' to 'float', possible loss of data
     1>s:\ders\ders\4.sınıf 1.dönem\proje opengl-altan hoca\pong oyunu-2d\konkon\theprojectofpingpong2d.cpp(164): warning C4244: '=' : conversion from 'int' to 'float', possible loss of data
     1>s:\ders\ders\4.sınıf 1.dönem\proje opengl-altan hoca\pong oyunu-2d\konkon\theprojectofpingpong2d.cpp(165): warning C4244: '=' : conversion from 'int' to 'float', possible loss of data
     1>s:\ders\ders\4.sınıf 1.dönem\proje opengl-altan hoca\pong oyunu-2d\konkon\theprojectofpingpong2d.cpp(173): warning C4244: '=' : conversion from 'int' to 'float', possible loss of data
     1>s:\ders\ders\4.sınıf 1.dönem\proje opengl-altan hoca\pong oyunu-2d\konkon\theprojectofpingpong2d.cpp(174): warning C4244: '=' : conversion from 'int' to 'float', possible loss of data
       Link:
         C:\Program Files (x86)\Microsoft Visual Studio 12.0\VC\bin\link.exe /ERRORREPORT:PROMPT /OUT:"S:\ders\DERS\4.Sınıf 1.Dönem\proje OpenGL-Altan hoca\PONG OYUNU-2D\Debug\KonKon.exe" /INCREMENTAL /NOLOGO kernel32.lib user32.lib gdi32.lib winspool.lib comdlg32.lib advapi32.lib shell32.lib ole32.lib oleaut32.lib uuid.lib odbc32.lib odbccp32.lib /MANIFEST /MANIFESTUAC:"level='asInvoker' uiAccess='false'" /manifest:embed /DEBUG /PDB:"S:\ders\DERS\4.Sınıf 1.Dönem\proje OpenGL-Altan hoca\PONG OYUNU-2D\Debug\KonKon.pdb" /SUBSYSTEM:CONSOLE /TLBID:1 /DYNAMICBASE /NXCOMPAT /IMPLIB:"S:\ders\DERS\4.Sınıf 1.Dönem\proje OpenGL-Altan hoca\PONG OYUNU-2D\Debug\KonKon.lib" /MACHINE:X86 Debug\TheProjectOfPingPong2D.obj
         Debug\stdafx.obj
         KonKon.vcxproj -> S:\ders\DERS\4.Sınıf 1.Dönem\proje OpenGL-Altan hoca\PONG OYUNU-2D\Debug\KonKon.exe
     1>Done Building Project "S:\ders\DERS\4.Sınıf 1.Dönem\proje OpenGL-Altan hoca\PONG OYUNU-2D\KonKon\KonKon.vcxproj" (Build target(s)).

Build succeeded.

Time Elapsed 00:00:01.79
